TN:
SF:app.js
FN:19,(anonymous_0)
FN:20,(anonymous_1)
FN:27,(anonymous_2)
FN:31,(anonymous_3)
FN:35,(anonymous_4)
FNF:5
FNH:4
FNDA:3,(anonymous_0)
FNDA:0,(anonymous_1)
FNDA:1,(anonymous_2)
FNDA:1,(anonymous_3)
FNDA:1,(anonymous_4)
DA:1,4
DA:2,4
DA:3,4
DA:4,4
DA:5,4
DA:6,4
DA:8,4
DA:9,4
DA:12,4
DA:13,4
DA:14,4
DA:15,4
DA:18,4
DA:19,3
DA:20,0
DA:23,4
DA:24,4
DA:25,4
DA:27,4
DA:28,1
DA:31,4
DA:32,1
DA:35,4
DA:36,1
DA:39,4
LF:25
LH:24
BRF:0
BRH:0
end_of_record
TN:
SF:auth.js
FN:19,(anonymous_0)
FN:20,(anonymous_1)
FN:29,(anonymous_2)
FN:74,(anonymous_3)
FN:121,(anonymous_4)
FN:134,(anonymous_5)
FNF:6
FNH:4
FNDA:0,(anonymous_0)
FNDA:0,(anonymous_1)
FNDA:4,(anonymous_2)
FNDA:6,(anonymous_3)
FNDA:3,(anonymous_4)
FNDA:1,(anonymous_5)
DA:1,5
DA:2,5
DA:3,5
DA:4,5
DA:5,5
DA:6,5
DA:7,5
DA:8,5
DA:11,5
DA:19,5
DA:20,0
DA:21,0
DA:22,0
DA:24,0
DA:29,5
DA:30,4
DA:31,4
DA:34,4
DA:35,2
DA:39,2
DA:46,1
DA:49,1
DA:50,1
DA:51,1
DA:54,0
DA:64,0
DA:66,0
DA:68,0
DA:69,0
DA:74,5
DA:75,6
DA:76,6
DA:78,6
DA:79,6
DA:80,2
DA:83,4
DA:84,4
DA:85,4
DA:89,0
DA:90,0
DA:91,0
DA:94,0
DA:95,0
DA:104,0
DA:105,0
DA:112,0
DA:113,0
DA:121,5
DA:122,3
DA:123,3
DA:125,2
DA:126,2
DA:127,1
DA:129,1
DA:134,5
DA:135,1
DA:137,1
DA:138,1
DA:141,0
DA:142,0
DA:143,0
DA:146,0
DA:148,0
DA:149,0
DA:156,5
LF:65
LH:41
BRDA:21,0,0,0
BRDA:21,0,1,0
BRDA:34,1,0,2
BRDA:34,1,1,2
BRDA:34,2,0,4
BRDA:34,2,1,2
BRDA:39,3,0,1
BRDA:39,3,1,1
BRDA:40,4,0,2
BRDA:40,4,1,1
BRDA:40,4,2,1
BRDA:40,4,3,1
BRDA:40,4,4,1
BRDA:50,5,0,1
BRDA:50,5,1,0
BRDA:79,6,0,2
BRDA:79,6,1,4
BRDA:84,7,0,4
BRDA:84,7,1,0
BRDA:89,8,0,0
BRDA:89,8,1,0
BRDA:90,9,0,0
BRDA:90,9,1,0
BRDA:123,10,0,1
BRDA:123,10,1,2
BRDA:137,11,0,1
BRDA:137,11,1,0
BRDA:142,12,0,0
BRDA:142,12,1,0
BRF:29
BRH:18
end_of_record
TN:
SF:cartRoute.js
FN:5,(anonymous_0)
FN:14,(anonymous_1)
FN:23,(anonymous_2)
FNF:3
FNH:3
FNDA:2,(anonymous_0)
FNDA:2,(anonymous_1)
FNDA:2,(anonymous_2)
DA:1,5
DA:2,5
DA:3,5
DA:5,5
DA:6,2
DA:7,2
DA:8,1
DA:10,1
DA:14,5
DA:15,2
DA:16,2
DA:17,1
DA:19,1
DA:23,5
DA:24,2
DA:25,2
DA:26,1
DA:28,1
DA:32,5
LF:19
LH:19
BRF:0
BRH:0
end_of_record
TN:
SF:product.js
FN:10,(anonymous_0)
FN:13,(anonymous_1)
FN:23,(anonymous_2)
FN:45,(anonymous_3)
FN:56,(anonymous_4)
FN:86,(anonymous_5)
FNF:6
FNH:6
FNDA:2,(anonymous_0)
FNDA:2,(anonymous_1)
FNDA:2,(anonymous_2)
FNDA:2,(anonymous_3)
FNDA:3,(anonymous_4)
FNDA:3,(anonymous_5)
DA:2,4
DA:3,4
DA:4,4
DA:5,4
DA:6,4
DA:9,4
DA:11,2
DA:14,2
DA:15,2
DA:16,2
DA:20,4
DA:23,4
DA:24,2
DA:25,2
DA:26,2
DA:28,2
DA:36,2
DA:37,1
DA:39,1
DA:40,1
DA:45,4
DA:46,2
DA:47,2
DA:48,1
DA:50,1
DA:51,1
DA:56,4
DA:57,3
DA:58,3
DA:59,3
DA:62,3
DA:63,3
DA:64,0
DA:68,3
DA:74,2
DA:75,1
DA:78,1
DA:80,1
DA:81,1
DA:86,4
DA:87,3
DA:88,3
DA:89,2
DA:90,1
DA:92,1
DA:94,1
DA:95,1
DA:99,4
LF:48
LH:47
BRDA:26,0,0,2
BRDA:26,0,1,0
BRDA:59,1,0,0
BRDA:59,1,1,3
BRDA:63,2,0,0
BRDA:63,2,1,3
BRDA:74,3,0,1
BRDA:74,3,1,1
BRDA:89,4,0,1
BRDA:89,4,1,1
BRF:10
BRH:7
end_of_record
TN:
SF:middlewares\authMiddleware.js
FN:4,(anonymous_0)
FN:17,(anonymous_1)
FN:18,(anonymous_2)
FNF:3
FNH:3
FNDA:5,(anonymous_0)
FNDA:4,(anonymous_1)
FNDA:2,(anonymous_2)
DA:1,4
DA:2,4
DA:4,4
DA:5,5
DA:6,5
DA:8,4
DA:9,4
DA:10,3
DA:11,3
DA:13,1
DA:17,4
DA:18,4
DA:19,2
DA:20,1
DA:22,1
DA:26,4
LF:16
LH:16
BRDA:6,0,0,1
BRDA:6,0,1,4
BRDA:19,1,0,1
BRDA:19,1,1,1
BRF:4
BRH:4
end_of_record
TN:
SF:models\Admin.js
FN:10,(anonymous_0)
FNF:1
FNH:1
FNDA:3,(anonymous_0)
DA:1,1
DA:2,1
DA:4,1
DA:10,1
DA:11,3
DA:12,2
DA:13,2
DA:16,1
LF:8
LH:8
BRDA:11,0,0,1
BRDA:11,0,1,2
BRF:2
BRH:2
end_of_record
TN:
SF:models\cart.js
FNF:0
FNH:0
DA:1,7
DA:4,7
DA:18,7
DA:19,7
LF:4
LH:4
BRF:0
BRH:0
end_of_record
TN:
SF:models\products.js
FNF:0
FNH:0
DA:1,6
DA:3,6
DA:11,6
LF:3
LH:3
BRF:0
BRH:0
end_of_record
TN:
SF:models\users.js
FN:31,(anonymous_0)
FNF:1
FNH:1
FNDA:2,(anonymous_0)
DA:1,8
DA:2,8
DA:4,8
DA:31,8
DA:32,2
DA:35,8
LF:6
LH:6
BRF:0
BRH:0
end_of_record
TN:
SF:services\authService.js
FN:6,registerUser
FN:16,loginUser
FNF:2
FNH:2
FNDA:2,registerUser
FNDA:5,loginUser
DA:2,1
DA:3,1
DA:4,1
DA:7,2
DA:8,2
DA:10,1
DA:11,1
DA:12,1
DA:13,1
DA:17,5
DA:18,5
DA:20,4
DA:21,4
DA:23,3
DA:24,2
DA:25,1
DA:28,1
DA:29,1
DA:32,1
DA:33,1
DA:36,1
LF:21
LH:21
BRDA:8,0,0,1
BRDA:8,0,1,1
BRDA:18,1,0,1
BRDA:18,1,1,4
BRDA:21,2,0,1
BRDA:21,2,1,3
BRDA:23,3,0,2
BRDA:23,3,1,1
BRDA:24,4,0,1
BRDA:24,4,1,1
BRF:10
BRH:10
end_of_record
TN:
SF:services\cartService.js
FN:4,addToCart
FN:23,(anonymous_1)
FN:41,getCart
FN:46,removeFromCart
FN:50,(anonymous_4)
FNF:5
FNH:5
FNDA:4,addToCart
FNDA:1,(anonymous_1)
FNDA:2,getCart
FNDA:2,removeFromCart
FNDA:1,(anonymous_4)
DA:1,6
DA:2,6
DA:5,4
DA:6,1
DA:9,3
DA:11,3
DA:12,1
DA:23,2
DA:24,2
DA:25,1
DA:27,1
DA:37,3
DA:38,3
DA:42,2
DA:43,2
DA:47,2
DA:48,2
DA:50,1
DA:51,1
DA:52,1
DA:55,6
LF:21
LH:21
BRDA:5,0,0,1
BRDA:5,0,1,3
BRDA:5,1,0,4
BRDA:5,1,1,3
BRDA:5,1,2,3
BRDA:5,1,3,3
BRDA:5,1,4,3
BRDA:11,2,0,1
BRDA:11,2,1,2
BRDA:24,3,0,1
BRDA:24,3,1,1
BRDA:43,4,0,2
BRDA:43,4,1,1
BRDA:48,5,0,1
BRDA:48,5,1,1
BRF:15
BRH:15
end_of_record
